#
# A fatal error has been detected by the Java Runtime Environment:
#
#  EXCEPTION_ACCESS_VIOLATION (0xc0000005) at pc=0x0000000069a8c147, pid=6500, tid=0x00000000000023b4
#
# JRE version: OpenJDK Runtime Environment (8.0_242-b01) (build 1.8.0_242-release-1644-b01)
# Java VM: OpenJDK 64-Bit Server VM (25.242-b01 mixed mode windows-amd64 compressed oops)
# Problematic frame:
# C  [gdx-freetype64.dll+0xc147]
#
# Failed to write core dump. Minidumps are not enabled by default on client versions of Windows
#
# If you would like to submit a bug report, please visit:
#   
# The crash happened outside the Java Virtual Machine in native code.
# See problematic frame for where to report the bug.
#

---------------  T H R E A D  ---------------

Current thread (0x0000000019fbd800):  JavaThread "LWJGL Application" [_thread_in_native, id=9140, stack(0x000000001ae10000,0x000000001af10000)]

siginfo: ExceptionCode=0xc0000005, reading address 0x0000000000000038

Registers:
RAX=0x0000000000000006, RBX=0x000000001a675640, RCX=0x0000000000000000, RDX=0x000000001af0eab0
RSP=0x000000001af0ea50, RBP=0x000000001af0eb98, RSI=0x00000000000000e1, RDI=0x0000000000000000
R8 =0x0000000000000000, R9 =0x0000000000000000, R10=0x00000000032989db, R11=0x0000000058427800
R12=0x0000000000000000, R13=0x0000000017aa0c58, R14=0x000000001af0ebd0, R15=0x0000000019fbd800
RIP=0x0000000069a8c147, EFLAGS=0x0000000000010297

Top of Stack: (sp=0x000000001af0ea50)
0x000000001af0ea50:   000000001af0eae0 0000000058296edf
0x000000001af0ea60:   000000001af0eb70 000000001a0c6570
0x000000001af0ea70:   00000000000000b2 0000000019fbd800
0x000000001af0ea80:   0000000017aa0c58 0000000069a8c2f7
0x000000001af0ea90:   0000000000000011 00000001000b4988
0x000000001af0eaa0:   000000001af0eae0 0000000000000000
0x000000001af0eab0:   0000078000000000 0000000000000780
0x000000001af0eac0:   0000000100000000 0000000000000000
0x000000001af0ead0:   000000001af0ec80 0000000069a815e4
0x000000001af0eae0:   000000001af0ec30 00000000032a415f
0x000000001af0eaf0:   0000000003285410 0000000000000000
0x000000001af0eb00:   000000001af0ec80 0000000003298a07
0x000000001af0eb10:   0000000019fa4c90 00000000582b5e94
0x000000001af0eb20:   000000001af0f378 0000000000000138
0x000000001af0eb30:   000000000000001e 00000000000000b2
0x000000001af0eb40:   0000000000000034 0000000000000138 

Instructions: (pc=0x0000000069a8c147)
0x0000000069a8c127:   02 b8 06 00 00 00 48 89 cb 41 83 f8 04 76 0a 48
0x0000000069a8c137:   83 c4 30 5b c3 0f 1f 40 00 48 8b 89 80 00 00 00
0x0000000069a8c147:   48 8b 41 38 c7 40 10 00 00 00 00 48 8b 83 90 00
0x0000000069a8c157:   00 00 48 8b 40 18 48 8b 80 98 00 00 00 48 85 c0 


Register to memory mapping:

RAX=0x0000000000000006 is an unknown value
RBX=0x000000001a675640 is an unknown value
RCX=0x0000000000000000 is an unknown value
RDX=0x000000001af0eab0 is pointing into the stack for thread: 0x0000000019fbd800
RSP=0x000000001af0ea50 is pointing into the stack for thread: 0x0000000019fbd800
RBP=0x000000001af0eb98 is pointing into the stack for thread: 0x0000000019fbd800
RSI=0x00000000000000e1 is an unknown value
RDI=0x0000000000000000 is an unknown value
R8 =0x0000000000000000 is an unknown value
R9 =0x0000000000000000 is an unknown value
R10=0x00000000032989db is at code_begin+891 in an Interpreter codelet
method entry point (kind = native)  [0x0000000003298660, 0x0000000003299040]  2528 bytes
R11=0x0000000058427800 is an unknown value
R12=0x0000000000000000 is an unknown value
R13={method} {0x0000000017aa0c60} 'setPixelSizes' '(JII)Z' in 'com/badlogic/gdx/graphics/g2d/freetype/FreeType$Face'
R14=0x000000001af0ebd0 is pointing into the stack for thread: 0x0000000019fbd800
R15=0x0000000019fbd800 is a thread


Stack: [0x000000001ae10000,0x000000001af10000],  sp=0x000000001af0ea50,  free space=1018k
Native frames: (J=compiled Java code, j=interpreted, Vv=VM code, C=native code)
C  [gdx-freetype64.dll+0xc147]
C  [gdx-freetype64.dll+0xc2f7]
C  [gdx-freetype64.dll+0x15e4]
C  0x0000000003298a07

Java frames: (J=compiled Java code, j=interpreted, Vv=VM code)
j  com.badlogic.gdx.graphics.g2d.freetype.FreeType$Face.setPixelSizes(JII)Z+0
j  com.badlogic.gdx.graphics.g2d.freetype.FreeType$Face.setPixelSizes(II)Z+6
j  com.badlogic.gdx.graphics.g2d.freetype.FreeTypeFontGenerator.setPixelSizes(II)V+23
j  com.badlogic.gdx.graphics.g2d.freetype.FreeTypeFontGenerator.generateData(Lcom/badlogic/gdx/graphics/g2d/freetype/FreeTypeFontGenerator$FreeTypeFontParameter;Lcom/badlogic/gdx/graphics/g2d/freetype/FreeTypeFontGenerator$FreeTypeBitmapFontData;)Lcom/badlogic/gdx/graphics/g2d/freetype/FreeTypeFontGenerator$FreeTypeBitmapFontData;+80
j  com.badlogic.gdx.graphics.g2d.freetype.FreeTypeFontGenerator.generateFont(Lcom/badlogic/gdx/graphics/g2d/freetype/FreeTypeFontGenerator$FreeTypeFontParameter;Lcom/badlogic/gdx/graphics/g2d/freetype/FreeTypeFontGenerator$FreeTypeBitmapFontData;)Lcom/badlogic/gdx/graphics/g2d/BitmapFont;+38
j  com.badlogic.gdx.graphics.g2d.freetype.FreeTypeFontGenerator.generateFont(Lcom/badlogic/gdx/graphics/g2d/freetype/FreeTypeFontGenerator$FreeTypeFontParameter;)Lcom/badlogic/gdx/graphics/g2d/BitmapFont;+9
j  com.akn.game.screens.WelcomeScreen.getFont(Lcom/akn/game/screens/WelcomeScreen$FontType;)Lcom/badlogic/gdx/graphics/g2d/BitmapFont;+109
j  com.akn.game.screens.WelcomeScreen.setupFontAndStyle(Lcom/badlogic/gdx/scenes/scene2d/ui/Table;)V+13
j  com.akn.game.screens.WelcomeScreen.<init>(Lcom/badlogic/gdx/graphics/OrthographicCamera;Lcom/badlogic/gdx/graphics/g2d/SpriteBatch;Lcom/badlogic/gdx/utils/viewport/Viewport;)V+102
j  com.akn.game.Main.create()V+72
j  com.badlogic.gdx.backends.lwjgl.LwjglApplication.mainLoop()V+29
j  com.badlogic.gdx.backends.lwjgl.LwjglApplication$1.run()V+27
v  ~StubRoutines::call_stub

---------------  P R O C E S S  ---------------

Java Threads: ( => current thread )
  0x0000000003184800 JavaThread "DestroyJavaVM" [_thread_blocked, id=10128, stack(0x0000000002f00000,0x0000000003000000)]
=>0x0000000019fbd800 JavaThread "LWJGL Application" [_thread_in_native, id=9140, stack(0x000000001ae10000,0x000000001af10000)]
  0x00000000195b0000 JavaThread "Service Thread" daemon [_thread_blocked, id=9992, stack(0x0000000019c00000,0x0000000019d00000)]
  0x000000001951a800 JavaThread "C1 CompilerThread2" daemon [_thread_blocked, id=12716, stack(0x0000000019b00000,0x0000000019c00000)]
  0x0000000019519800 JavaThread "C2 CompilerThread1" daemon [_thread_blocked, id=10704, stack(0x0000000019a00000,0x0000000019b00000)]
  0x0000000019516000 JavaThread "C2 CompilerThread0" daemon [_thread_blocked, id=4600, stack(0x0000000019900000,0x0000000019a00000)]
  0x000000001943b000 JavaThread "Monitor Ctrl-Break" daemon [_thread_in_native, id=6832, stack(0x0000000019800000,0x0000000019900000)]
  0x0000000017da9800 JavaThread "Attach Listener" daemon [_thread_blocked, id=1520, stack(0x0000000019300000,0x0000000019400000)]
  0x0000000017da8000 JavaThread "Signal Dispatcher" daemon [_thread_blocked, id=8780, stack(0x0000000019200000,0x0000000019300000)]
  0x000000000327e000 JavaThread "Finalizer" daemon [_thread_blocked, id=13104, stack(0x0000000019000000,0x0000000019100000)]
  0x0000000003275800 JavaThread "Reference Handler" daemon [_thread_blocked, id=3352, stack(0x0000000018f00000,0x0000000019000000)]

Other Threads:
  0x0000000017d66800 VMThread [stack: 0x0000000018e00000,0x0000000018f00000] [id=9564]
  0x00000000195b2000 WatcherThread [stack: 0x0000000019d00000,0x0000000019e00000] [id=9696]

VM state:not at safepoint (normal execution)

VM Mutex/Monitor currently owned by a thread: None

heap address: 0x0000000081e00000, size: 2018 MB, Compressed Oops mode: 32-bit
Narrow klass base: 0x0000000000000000, Narrow klass shift: 3
Compressed class space size: 1073741824 Address: 0x0000000100000000

Heap:
 PSYoungGen      total 38400K, used 20327K [0x00000000d5f80000, 0x00000000d8a00000, 0x0000000100000000)
  eden space 33280K, 61% used [0x00000000d5f80000,0x00000000d7359ce8,0x00000000d8000000)
  from space 5120K, 0% used [0x00000000d8500000,0x00000000d8500000,0x00000000d8a00000)
  to   space 5120K, 0% used [0x00000000d8000000,0x00000000d8000000,0x00000000d8500000)
 ParOldGen       total 87552K, used 0K [0x0000000081e00000, 0x0000000087380000, 0x00000000d5f80000)
  object space 87552K, 0% used [0x0000000081e00000,0x0000000081e00000,0x0000000087380000)
 Metaspace       used 7513K, capacity 7587K, committed 7680K, reserved 1056768K
  class space    used 703K, capacity 752K, committed 768K, reserved 1048576K

Card table byte_map: [0x0000000012640000,0x0000000012a40000] byte_map_base: 0x0000000012231000

Marking Bits: (ParMarkBitMap*) 0x00000000589ef030
 Begin Bits: [0x00000000130f0000, 0x0000000015078000)
 End Bits:   [0x0000000015078000, 0x0000000017000000)

Polling page: 0x0000000000df0000

CodeCache: size=245760Kb used=2366Kb max_used=2366Kb free=243393Kb
 bounds [0x0000000003280000, 0x00000000034f0000, 0x0000000012280000]
 total_blobs=886 nmethods=441 adapters=359
 compilation: enabled

Compilation events (10 events):
Event: 1.717 Thread 0x000000001951a800 nmethod 436 0x00000000034c5310 code [0x00000000034c5480, 0x00000000034c56c8]
Event: 1.718 Thread 0x000000001951a800  437       3       sun.net.www.protocol.jar.Handler::parseURL (223 bytes)
Event: 1.719 Thread 0x000000001951a800 nmethod 437 0x00000000034c9890 code [0x00000000034c9b80, 0x00000000034cb288]
Event: 1.719 Thread 0x000000001951a800  438       3       sun.net.www.protocol.jar.Handler::parseContextSpec (154 bytes)
Event: 1.720 Thread 0x000000001951a800 nmethod 438 0x00000000034cbe50 code [0x00000000034cc240, 0x00000000034ce968]
Event: 1.720 Thread 0x000000001951a800  439       3       sun.misc.Resource::getByteBuffer (24 bytes)
Event: 1.720 Thread 0x000000001951a800 nmethod 439 0x00000000034cfb50 code [0x00000000034cfd00, 0x00000000034d0478]
Event: 1.721 Thread 0x000000001951a800  440       3       sun.misc.URLClassPath$JarLoader$2::getCodeSourceURL (8 bytes)
Event: 1.722 Thread 0x000000001951a800 nmethod 440 0x00000000034c4f10 code [0x00000000034c5060, 0x00000000034c51d0]
Event: 1.722 Thread 0x000000001951a800  441       3       sun.misc.URLClassPath$JarLoader$2::getManifest (26 bytes)

GC Heap History (0 events):
No events

Deoptimization events (2 events):
Event: 0.175 Thread 0x0000000003184800 Uncommon trap: reason=unstable_if action=reinterpret pc=0x00000000033d7250 method=java.lang.String.indexOf([CII[CIII)I @ 134
Event: 0.176 Thread 0x0000000003184800 Uncommon trap: reason=unstable_if action=reinterpret pc=0x00000000033cafc8 method=java.lang.String.indexOf([CII[CIII)I @ 123

Classes redefined (0 events):
No events

Internal exceptions (10 events):
Event: 0.179 Thread 0x0000000003184800 Exception <a 'java/security/PrivilegedActionException'> (0x00000000d647eb38) thrown at [C:\src\AOSP-openjdk-git\hotspot\src\share\vm\prims\jvm.cpp, line 1502]
Event: 0.179 Thread 0x0000000003184800 Exception <a 'java/security/PrivilegedActionException'> (0x00000000d6480070) thrown at [C:\src\AOSP-openjdk-git\hotspot\src\share\vm\prims\jvm.cpp, line 1502]
Event: 0.179 Thread 0x0000000003184800 Exception <a 'java/security/PrivilegedActionException'> (0x00000000d6480280) thrown at [C:\src\AOSP-openjdk-git\hotspot\src\share\vm\prims\jvm.cpp, line 1502]
Event: 0.793 Thread 0x0000000003184800 Exception <a 'java/security/PrivilegedActionException'> (0x00000000d6654f88) thrown at [C:\src\AOSP-openjdk-git\hotspot\src\share\vm\prims\jvm.cpp, line 1502]
Event: 0.793 Thread 0x0000000003184800 Exception <a 'java/security/PrivilegedActionException'> (0x00000000d6656c60) thrown at [C:\src\AOSP-openjdk-git\hotspot\src\share\vm\prims\jvm.cpp, line 1502]
Event: 0.794 Thread 0x0000000003184800 Exception <a 'java/security/PrivilegedActionException'> (0x00000000d6657dd0) thrown at [C:\src\AOSP-openjdk-git\hotspot\src\share\vm\prims\jvm.cpp, line 1502]
Event: 0.794 Thread 0x0000000003184800 Exception <a 'java/security/PrivilegedActionException'> (0x00000000d665d3c0) thrown at [C:\src\AOSP-openjdk-git\hotspot\src\share\vm\prims\jvm.cpp, line 1502]
Event: 0.794 Thread 0x0000000003184800 Exception <a 'java/security/PrivilegedActionException'> (0x00000000d665e018) thrown at [C:\src\AOSP-openjdk-git\hotspot\src\share\vm\prims\jvm.cpp, line 1502]
Event: 0.794 Thread 0x0000000003184800 Exception <a 'java/security/PrivilegedActionException'> (0x00000000d665ec40) thrown at [C:\src\AOSP-openjdk-git\hotspot\src\share\vm\prims\jvm.cpp, line 1502]
Event: 1.712 Thread 0x0000000019fbd800 Exception <a 'java/io/FileNotFoundException'> (0x00000000d7285480) thrown at [C:\src\AOSP-openjdk-git\hotspot\src\share\vm\prims\jni.cpp, line 710]

Events (10 events):
Event: 1.718 loading class com/badlogic/gdx/utils/LongMap$Values
Event: 1.718 loading class com/badlogic/gdx/utils/LongMap$Values done
Event: 1.718 loading class com/badlogic/gdx/utils/LongMap$MapIterator
Event: 1.718 loading class com/badlogic/gdx/utils/LongMap$MapIterator done
Event: 1.719 loading class java/util/NoSuchElementException
Event: 1.719 loading class java/util/NoSuchElementException done
Event: 1.720 loading class com/badlogic/gdx/graphics/g2d/BitmapFont$Glyph
Event: 1.720 loading class com/badlogic/gdx/graphics/g2d/BitmapFont$Glyph done
Event: 1.721 loading class com/badlogic/gdx/graphics/g2d/freetype/FreeTypeFontGenerator$1
Event: 1.721 loading class com/badlogic/gdx/graphics/g2d/freetype/FreeTypeFontGenerator$1 done


Dynamic libraries:
0x00007ff6be200000 - 0x00007ff6be231000 	C:\Program Files\Android\Android Studio\jre\bin\java.exe
0x00007ffe5a820000 - 0x00007ffe5aa10000 	C:\WINDOWS\SYSTEM32\ntdll.dll
0x00007ffe59960000 - 0x00007ffe59a12000 	C:\WINDOWS\System32\KERNEL32.DLL
0x00007ffe57c40000 - 0x00007ffe57ee3000 	C:\WINDOWS\System32\KERNELBASE.dll
0x00007ffe58b70000 - 0x00007ffe58c13000 	C:\WINDOWS\System32\ADVAPI32.dll
0x00007ffe5a710000 - 0x00007ffe5a7ae000 	C:\WINDOWS\System32\msvcrt.dll
0x00007ffe598c0000 - 0x00007ffe59957000 	C:\WINDOWS\System32\sechost.dll
0x00007ffe59660000 - 0x00007ffe59780000 	C:\WINDOWS\System32\RPCRT4.dll
0x00007ffe58c20000 - 0x00007ffe58db4000 	C:\WINDOWS\System32\USER32.dll
0x00007ffe57c10000 - 0x00007ffe57c31000 	C:\WINDOWS\System32\win32u.dll
0x00007ffe5a7b0000 - 0x00007ffe5a7d6000 	C:\WINDOWS\System32\GDI32.dll
0x00007ffe57920000 - 0x00007ffe57ab4000 	C:\WINDOWS\System32\gdi32full.dll
0x00007ffe586a0000 - 0x00007ffe5873e000 	C:\WINDOWS\System32\msvcp_win.dll
0x00007ffe577b0000 - 0x00007ffe578aa000 	C:\WINDOWS\System32\ucrtbase.dll
0x00007ffe46ce0000 - 0x00007ffe46f65000 	C:\WINDOWS\WinSxS\amd64_microsoft.windows.common-controls_6595b64144ccf1df_6.0.18362.720_none_e6beb5c51314836b\COMCTL32.dll
0x00007ffe5a3d0000 - 0x00007ffe5a706000 	C:\WINDOWS\System32\combase.dll
0x00007ffe58850000 - 0x00007ffe588d0000 	C:\WINDOWS\System32\bcryptPrimitives.dll
0x00007ffe588d0000 - 0x00007ffe588fe000 	C:\WINDOWS\System32\IMM32.DLL
0x0000000058d90000 - 0x0000000058e62000 	C:\Program Files\Android\Android Studio\jre\jre\bin\msvcr100.dll
0x0000000058220000 - 0x0000000058a6b000 	C:\Program Files\Android\Android Studio\jre\jre\bin\server\jvm.dll
0x00007ffe58dc0000 - 0x00007ffe58dc8000 	C:\WINDOWS\System32\PSAPI.DLL
0x00007ffe534d0000 - 0x00007ffe534d9000 	C:\WINDOWS\SYSTEM32\WSOCK32.dll
0x00007ffe53da0000 - 0x00007ffe53dc4000 	C:\WINDOWS\SYSTEM32\WINMM.dll
0x00007ffe59850000 - 0x00007ffe598bf000 	C:\WINDOWS\System32\WS2_32.dll
0x00007ffe50f60000 - 0x00007ffe50f6a000 	C:\WINDOWS\SYSTEM32\VERSION.dll
0x00007ffe53d70000 - 0x00007ffe53d9d000 	C:\WINDOWS\SYSTEM32\winmmbase.dll
0x00007ffe578d0000 - 0x00007ffe5791a000 	C:\WINDOWS\System32\cfgmgr32.dll
0x00007ffe51000000 - 0x00007ffe5100f000 	C:\Program Files\Android\Android Studio\jre\jre\bin\verify.dll
0x00007ffe390f0000 - 0x00007ffe39119000 	C:\Program Files\Android\Android Studio\jre\jre\bin\java.dll
0x00007ffe45f70000 - 0x00007ffe45f93000 	C:\Program Files\Android\Android Studio\jre\jre\bin\instrument.dll
0x00007ffe3e140000 - 0x00007ffe3e156000 	C:\Program Files\Android\Android Studio\jre\jre\bin\zip.dll
0x00007ffe58f70000 - 0x00007ffe59655000 	C:\WINDOWS\System32\SHELL32.dll
0x00007ffe58de0000 - 0x00007ffe58e89000 	C:\WINDOWS\System32\shcore.dll
0x00007ffe57f20000 - 0x00007ffe586a0000 	C:\WINDOWS\System32\windows.storage.dll
0x00007ffe57780000 - 0x00007ffe577a3000 	C:\WINDOWS\System32\profapi.dll
0x00007ffe57710000 - 0x00007ffe5775a000 	C:\WINDOWS\System32\powrprof.dll
0x00007ffe576e0000 - 0x00007ffe576f0000 	C:\WINDOWS\System32\UMPDC.dll
0x00007ffe58960000 - 0x00007ffe589b2000 	C:\WINDOWS\System32\shlwapi.dll
0x00007ffe57760000 - 0x00007ffe57771000 	C:\WINDOWS\System32\kernel.appcore.dll
0x00007ffe578b0000 - 0x00007ffe578c7000 	C:\WINDOWS\System32\cryptsp.dll
0x00007ffe454a0000 - 0x00007ffe454ba000 	C:\Program Files\Android\Android Studio\bin\breakgen64.dll
0x00007ffe392b0000 - 0x00007ffe392ca000 	C:\Program Files\Android\Android Studio\jre\jre\bin\net.dll
0x00007ffe56f50000 - 0x00007ffe56fb7000 	C:\WINDOWS\system32\mswsock.dll
0x0000000065ac0000 - 0x0000000065b0b000 	C:\Users\Jarvis\AppData\Local\Temp\libgdxJarvis\7d76f548\gdx64.dll
0x00007ffe56ac0000 - 0x00007ffe56af3000 	C:\WINDOWS\system32\rsaenh.dll
0x00007ffe57ef0000 - 0x00007ffe57f16000 	C:\WINDOWS\System32\bcrypt.dll
0x00007ffe57600000 - 0x00007ffe57625000 	C:\WINDOWS\SYSTEM32\USERENV.dll
0x00007ffe57120000 - 0x00007ffe5712c000 	C:\WINDOWS\SYSTEM32\CRYPTBASE.dll
0x00007ffe56c60000 - 0x00007ffe56c9a000 	C:\WINDOWS\SYSTEM32\IPHLPAPI.DLL
0x00007ffe58dd0000 - 0x00007ffe58dd8000 	C:\WINDOWS\System32\NSI.dll
0x00007ffe50f80000 - 0x00007ffe50f96000 	C:\WINDOWS\SYSTEM32\dhcpcsvc6.DLL
0x00007ffe503e0000 - 0x00007ffe503fc000 	C:\WINDOWS\SYSTEM32\dhcpcsvc.DLL
0x00007ffe56ca0000 - 0x00007ffe56d6a000 	C:\WINDOWS\SYSTEM32\DNSAPI.dll
0x00007ffe38cc0000 - 0x00007ffe38cd3000 	C:\Program Files\Android\Android Studio\jre\jre\bin\nio.dll
0x0000000180000000 - 0x0000000180053000 	C:\Users\Jarvis\AppData\Local\Temp\libgdxJarvis\1cecf4f6\lwjgl64.dll
0x00007ffe2b660000 - 0x00007ffe2b7b6000 	C:\WINDOWS\SYSTEM32\OPENGL32.dll
0x00007ffe2b630000 - 0x00007ffe2b65c000 	C:\WINDOWS\SYSTEM32\GLU32.dll
0x00007ffe56350000 - 0x00007ffe56370000 	C:\WINDOWS\SYSTEM32\dxcore.dll
0x0000000002e80000 - 0x0000000002ee4000 	C:\Users\Jarvis\AppData\Local\Temp\libgdxJarvis\1cecf4f6\OpenAL64.dll
0x00007ffe59be0000 - 0x00007ffe59d37000 	C:\WINDOWS\System32\ole32.dll
0x00007ffe55a10000 - 0x00007ffe55aa9000 	C:\WINDOWS\system32\uxtheme.dll
0x00007ffe58ec0000 - 0x00007ffe58f62000 	C:\WINDOWS\System32\clbcatq.dll
0x00007ffe16e00000 - 0x00007ffe16e99000 	C:\WINDOWS\SYSTEM32\dsound.dll
0x00007ffe502d0000 - 0x00007ffe50342000 	C:\WINDOWS\System32\MMDevApi.dll
0x00007ffe574e0000 - 0x00007ffe5750a000 	C:\WINDOWS\System32\DEVOBJ.dll
0x00007ffe50690000 - 0x00007ffe507ed000 	C:\WINDOWS\SYSTEM32\AUDIOSES.DLL
0x00007ffe59a20000 - 0x00007ffe59ae4000 	C:\WINDOWS\System32\OLEAUT32.dll
0x00007ffe53310000 - 0x00007ffe53463000 	C:\WINDOWS\SYSTEM32\wintypes.dll
0x00007ffe55d90000 - 0x00007ffe55da4000 	C:\WINDOWS\SYSTEM32\resourcepolicyclient.dll
0x00007ffe53870000 - 0x00007ffe5391e000 	C:\WINDOWS\SYSTEM32\mscms.dll
0x00007ffe53710000 - 0x00007ffe53727000 	C:\WINDOWS\SYSTEM32\ColorAdapterClient.dll
0x00007ffe4f470000 - 0x00007ffe4f48a000 	C:\Windows\System32\Windows.Internal.Graphics.Display.DisplayColorManagement.dll
0x00007ffe5a230000 - 0x00007ffe5a366000 	C:\WINDOWS\System32\MSCTF.dll
0x00007ffe4e540000 - 0x00007ffe4e5de000 	C:\WINDOWS\System32\TextInputFramework.dll
0x00007ffe526c0000 - 0x00007ffe529ea000 	C:\WINDOWS\System32\CoreUIComponents.dll
0x00007ffe55670000 - 0x00007ffe55744000 	C:\WINDOWS\System32\CoreMessaging.dll
0x00007ffe56740000 - 0x00007ffe56771000 	C:\WINDOWS\SYSTEM32\ntmarta.dll
0x00007ffe49c10000 - 0x00007ffe49eb6000 	C:\WINDOWS\System32\iertutil.dll
0x00007ffdfb560000 - 0x00007ffdfc56f000 	C:\WINDOWS\System32\DriverStore\FileRepository\igdlh64.inf_amd64_90f68cd0dc48b625\ig9icd64.dll
0x00007ffe55e80000 - 0x00007ffe55ead000 	C:\WINDOWS\SYSTEM32\dwmapi.dll
0x00007ffe563e0000 - 0x00007ffe564cb000 	C:\WINDOWS\system32\dxgi.dll
0x00007ffe43dd0000 - 0x00007ffe43e13000 	C:\WINDOWS\SYSTEM32\icm32.dll
0x00007ffe4d2b0000 - 0x00007ffe4d3cd000 	C:\WINDOWS\System32\DriverStore\FileRepository\igdlh64.inf_amd64_90f68cd0dc48b625\igdgmm64.dll
0x00007ffe49ec0000 - 0x00007ffe4c1ad000 	C:\WINDOWS\System32\DriverStore\FileRepository\igdlh64.inf_amd64_90f68cd0dc48b625\igc64.dll
0x0000000069a80000 - 0x0000000069b2b000 	C:\Users\Jarvis\AppData\Local\Temp\libgdxJarvis\fd391f27\gdx-freetype64.dll
0x00007ffe3df40000 - 0x00007ffe3e134000 	C:\WINDOWS\SYSTEM32\dbghelp.dll

VM Arguments:
jvm_args: -javaagent:C:\Program Files\Android\Android Studio\lib\idea_rt.jar=57035:C:\Program Files\Android\Android Studio\bin -Dfile.encoding=UTF-8 
java_command: com.akn.game.desktop.DesktopLauncher
java_class_path (initial): C:\Program Files\Android\Android Studio\jre\jre\lib\charsets.jar;C:\Program Files\Android\Android Studio\jre\jre\lib\ext\access-bridge-64.jar;C:\Program Files\Android\Android Studio\jre\jre\lib\ext\cldrdata.jar;C:\Program Files\Android\Android Studio\jre\jre\lib\ext\dnsns.jar;C:\Program Files\Android\Android Studio\jre\jre\lib\ext\jaccess.jar;C:\Program Files\Android\Android Studio\jre\jre\lib\ext\localedata.jar;C:\Program Files\Android\Android Studio\jre\jre\lib\ext\nashorn.jar;C:\Program Files\Android\Android Studio\jre\jre\lib\ext\sunec.jar;C:\Program Files\Android\Android Studio\jre\jre\lib\ext\sunjce_provider.jar;C:\Program Files\Android\Android Studio\jre\jre\lib\ext\sunmscapi.jar;C:\Program Files\Android\Android Studio\jre\jre\lib\ext\sunpkcs11.jar;C:\Program Files\Android\Android Studio\jre\jre\lib\ext\zipfs.jar;C:\Program Files\Android\Android Studio\jre\jre\lib\jce.jar;C:\Program Files\Android\Android Studio\jre\jre\lib\jsse.jar;C:\Program Files\Android\Android Studio\jre\jre\lib\management-agent.jar;C:\Program Files\Android\Android Studio\jre\jre\lib\resources.jar;C:\Program Files\Android\Android Studio\jre\jre\lib\rt.jar;C:\Users\Jarvis\Desktop\Practice\Android_Project\Maze\desktop\build\classes\java\main;C:\Users\Jarvis\Desktop\Practice\Android_Project\Maze\desktop\build\resources\main;C:\Users\Jarvis\Desktop\Practice\Android_Project\Maze\core\build\classes\java\main;C:\Users\Jarvis\.gradle\caches\modules-2\files-2.1\com.badlogicgames.gdx\gdx-tools\1.9.10\67524f012868e0cff57531b5bfda2781d00c6b1f\gdx-tools-1.9.10.jar;C:\Users\Jarvis\.gradle\caches\modules-2\files-2.1\com.badlogicgames.gdx\gdx-backend-lwjgl\1.9.10\8f88abd43500d94c486d25f04d642318da72773a\gdx-backend-lwjgl-1.9.10.jar;C:\Users\Jarvis\.gradle\caches\modules-2\files-2.1\com.badlogicgames.gdx\gdx-platform\1.9.10\1907b49f8363dd1ee37d273854a9cc3c741a6e66\gdx-platform-1.9.10-natives-desktop.jar;C:\Users\Jarvis\.gradle\caches\modules-2\files-2.1\com.badlogicgames.gdx\g
Launcher Type: SUN_STANDARD

Environment Variables:
PATH=C:\Program Files (x86)\Common Files\Oracle\Java\javapath;C:\ProgramData\Oracle\Java\javapath;C:\Windows\system32;C:\Windows;C:\Windows\System32\Wbem;C:\Windows\System32\WindowsPowerShell\v1.0\;C:\Program Files (x86)\NVIDIA Corporation\PhysX\Common;C:\Program Files\Java\jdk1.8.0_141\bin;C:\Program Files\NVIDIA Corporation\NVIDIA NvDLISR;C:\WINDOWS\system32;C:\WINDOWS;C:\WINDOWS\System32\Wbem;C:\WINDOWS\System32\WindowsPowerShell\v1.0\;C:\WINDOWS\System32\OpenSSH\;C:\Program Files\PuTTY\;C:\Program Files\dotnet\;C:\Program Files\nodejs\;C:\Program Files\Git\cmd;C:\Program Files\Docker\Docker\resources\bin;C:\ProgramData\DockerDesktop\version-bin;C:\Program Files (x86)\Java\jdk1.8.0_60\bin;C:\Users\Jarvis\AppData\Local\Microsoft\WindowsApps;C:\Users\Jarvis\AppData\Local\Programs\Fiddler;C:\Users\Jarvis\AppData\Roaming\npm;C:\Users\Jarvis\AppData\Local\Programs\Microsoft VS Code\bin;C:\Program Files\OpenSSL-Win64\bin;
USERNAME=Jarvis
OS=Windows_NT
PROCESSOR_IDENTIFIER=Intel64 Family 6 Model 142 Stepping 9, GenuineIntel



---------------  S Y S T E M  ---------------

OS: Windows 10.0 , 64 bit Build 18362 (10.0.18362.329)

CPU:total 4 (initial active 4) (2 cores per cpu, 2 threads per core) family 6 model 142 stepping 9, cmov, cx8, fxsr, mmx, sse, sse2, sse3, ssse3, sse4.1, sse4.2, popcnt, avx, avx2, aes, clmul, erms, 3dnowpref, lzcnt, ht, tsc, tscinvbit, bmi1, bmi2, adx

Memory: 4k page, physical 8260236k(1495104k free), swap 14813836k(2806464k free)

vm_info: OpenJDK 64-Bit Server VM (25.242-b01) for windows-amd64 JRE (1.8.0_242-release-1644-b01), built by "builder" with MS VC++ 10.0 (VS2010)

time: Fri Jun 26 13:07:21 2020
timezone: India Standard Time
elapsed time: 1 seconds (0d 0h 0m 1s)

